{"C:\\Users\\New\\source\\repos\\react-country-state-selector\\src\\components\\CountryDropdown\\index.tsx": {"path":"C:\\Users\\New\\source\\repos\\react-country-state-selector\\src\\components\\CountryDropdown\\index.tsx","all":false,"statementMap":{"0":{"start":{"line":1,"column":0},"end":{"line":1,"column":73}},"1":{"start":{"line":2,"column":0},"end":{"line":2,"column":71}},"2":{"start":{"line":3,"column":0},"end":{"line":3,"column":86}},"3":{"start":{"line":4,"column":0},"end":{"line":4,"column":107}},"21":{"start":{"line":22,"column":0},"end":{"line":22,"column":100}},"22":{"start":{"line":23,"column":0},"end":{"line":23,"column":24}},"23":{"start":{"line":24,"column":0},"end":{"line":24,"column":25}},"24":{"start":{"line":25,"column":0},"end":{"line":25,"column":59}},"25":{"start":{"line":26,"column":0},"end":{"line":26,"column":5}},"26":{"start":{"line":27,"column":0},"end":{"line":27,"column":23}},"27":{"start":{"line":28,"column":0},"end":{"line":28,"column":51}},"28":{"start":{"line":29,"column":0},"end":{"line":29,"column":21}},"29":{"start":{"line":30,"column":0},"end":{"line":30,"column":49}},"30":{"start":{"line":31,"column":0},"end":{"line":31,"column":35}},"31":{"start":{"line":32,"column":0},"end":{"line":32,"column":62}},"32":{"start":{"line":33,"column":0},"end":{"line":33,"column":43}},"33":{"start":{"line":34,"column":0},"end":{"line":34,"column":71}},"34":{"start":{"line":35,"column":0},"end":{"line":35,"column":12}},"35":{"start":{"line":36,"column":0},"end":{"line":36,"column":19}},"36":{"start":{"line":37,"column":0},"end":{"line":37,"column":3}},"37":{"start":{"line":38,"column":0},"end":{"line":38,"column":1}},"39":{"start":{"line":40,"column":0},"end":{"line":40,"column":185}},"41":{"start":{"line":42,"column":0},"end":{"line":42,"column":97}},"43":{"start":{"line":44,"column":0},"end":{"line":44,"column":38}},"44":{"start":{"line":45,"column":0},"end":{"line":45,"column":39}},"45":{"start":{"line":46,"column":0},"end":{"line":46,"column":33}},"46":{"start":{"line":47,"column":0},"end":{"line":47,"column":43}},"47":{"start":{"line":48,"column":0},"end":{"line":48,"column":9}},"48":{"start":{"line":49,"column":0},"end":{"line":49,"column":63}},"49":{"start":{"line":50,"column":0},"end":{"line":50,"column":13}},"50":{"start":{"line":51,"column":0},"end":{"line":51,"column":48}},"51":{"start":{"line":52,"column":0},"end":{"line":52,"column":5}},"52":{"start":{"line":53,"column":0},"end":{"line":53,"column":10}},"53":{"start":{"line":54,"column":0},"end":{"line":54,"column":46}},"54":{"start":{"line":55,"column":0},"end":{"line":55,"column":3}},"56":{"start":{"line":57,"column":0},"end":{"line":57,"column":83}},"58":{"start":{"line":59,"column":0},"end":{"line":59,"column":49}},"59":{"start":{"line":60,"column":0},"end":{"line":60,"column":48}},"60":{"start":{"line":61,"column":0},"end":{"line":61,"column":12}},"61":{"start":{"line":62,"column":0},"end":{"line":62,"column":36}},"62":{"start":{"line":63,"column":0},"end":{"line":63,"column":50}},"63":{"start":{"line":64,"column":0},"end":{"line":64,"column":16}},"64":{"start":{"line":65,"column":0},"end":{"line":65,"column":38}},"65":{"start":{"line":66,"column":0},"end":{"line":66,"column":5}},"67":{"start":{"line":68,"column":0},"end":{"line":68,"column":19}},"68":{"start":{"line":69,"column":0},"end":{"line":69,"column":86}},"69":{"start":{"line":70,"column":0},"end":{"line":70,"column":75}},"70":{"start":{"line":71,"column":0},"end":{"line":71,"column":20}},"71":{"start":{"line":72,"column":0},"end":{"line":72,"column":13}},"72":{"start":{"line":73,"column":0},"end":{"line":73,"column":80}},"73":{"start":{"line":74,"column":0},"end":{"line":74,"column":71}},"74":{"start":{"line":75,"column":0},"end":{"line":75,"column":57}},"75":{"start":{"line":76,"column":0},"end":{"line":76,"column":28}},"76":{"start":{"line":77,"column":0},"end":{"line":77,"column":55}},"77":{"start":{"line":78,"column":0},"end":{"line":78,"column":122}},"78":{"start":{"line":79,"column":0},"end":{"line":79,"column":18}},"79":{"start":{"line":80,"column":0},"end":{"line":80,"column":115}},"80":{"start":{"line":81,"column":0},"end":{"line":81,"column":11}},"81":{"start":{"line":82,"column":0},"end":{"line":82,"column":19}},"82":{"start":{"line":83,"column":0},"end":{"line":83,"column":80}},"83":{"start":{"line":84,"column":0},"end":{"line":84,"column":9}},"84":{"start":{"line":85,"column":0},"end":{"line":85,"column":11}},"85":{"start":{"line":86,"column":0},"end":{"line":86,"column":5}},"86":{"start":{"line":87,"column":0},"end":{"line":87,"column":91}},"88":{"start":{"line":89,"column":0},"end":{"line":89,"column":63}},"89":{"start":{"line":90,"column":0},"end":{"line":90,"column":74}},"90":{"start":{"line":91,"column":0},"end":{"line":91,"column":36}},"91":{"start":{"line":92,"column":0},"end":{"line":92,"column":4}},"93":{"start":{"line":94,"column":0},"end":{"line":94,"column":10}},"94":{"start":{"line":95,"column":0},"end":{"line":95,"column":6}},"95":{"start":{"line":96,"column":0},"end":{"line":96,"column":72}},"96":{"start":{"line":97,"column":0},"end":{"line":97,"column":12}},"97":{"start":{"line":98,"column":0},"end":{"line":98,"column":32}},"98":{"start":{"line":99,"column":0},"end":{"line":99,"column":47}},"99":{"start":{"line":100,"column":0},"end":{"line":100,"column":26}},"101":{"start":{"line":102,"column":0},"end":{"line":102,"column":15}},"102":{"start":{"line":103,"column":0},"end":{"line":103,"column":14}},"103":{"start":{"line":104,"column":0},"end":{"line":104,"column":44}},"104":{"start":{"line":105,"column":0},"end":{"line":105,"column":49}},"106":{"start":{"line":107,"column":0},"end":{"line":107,"column":15}},"107":{"start":{"line":108,"column":0},"end":{"line":108,"column":29}},"108":{"start":{"line":109,"column":0},"end":{"line":109,"column":45}},"109":{"start":{"line":110,"column":0},"end":{"line":110,"column":33}},"110":{"start":{"line":111,"column":0},"end":{"line":111,"column":50}},"111":{"start":{"line":112,"column":0},"end":{"line":112,"column":70}},"112":{"start":{"line":113,"column":0},"end":{"line":113,"column":70}},"114":{"start":{"line":115,"column":0},"end":{"line":115,"column":52}},"115":{"start":{"line":116,"column":0},"end":{"line":116,"column":74}},"116":{"start":{"line":117,"column":0},"end":{"line":117,"column":60}},"117":{"start":{"line":118,"column":0},"end":{"line":118,"column":28}},"118":{"start":{"line":119,"column":0},"end":{"line":119,"column":21}},"119":{"start":{"line":120,"column":0},"end":{"line":120,"column":13}},"120":{"start":{"line":121,"column":0},"end":{"line":121,"column":17}},"121":{"start":{"line":122,"column":0},"end":{"line":122,"column":8}},"122":{"start":{"line":123,"column":0},"end":{"line":123,"column":7}},"124":{"start":{"line":125,"column":0},"end":{"line":125,"column":2}},"126":{"start":{"line":127,"column":0},"end":{"line":127,"column":31}},"128":{"start":{"line":129,"column":0},"end":{"line":129,"column":83}}},"s":{"0":1,"1":1,"2":1,"3":1,"21":4,"22":4,"23":4,"24":0,"25":0,"26":4,"27":0,"28":4,"29":1,"30":4,"31":1,"32":4,"33":2,"34":4,"35":0,"36":4,"37":4,"39":1,"41":3,"43":3,"44":3,"45":0,"46":3,"47":3,"48":3,"49":3,"50":0,"51":0,"52":3,"53":0,"54":0,"56":3,"58":3,"59":3,"60":3,"61":3,"62":3,"63":3,"64":3,"65":3,"67":3,"68":2,"69":1,"70":1,"71":1,"72":1,"73":1,"74":1,"75":1,"76":0,"77":0,"78":0,"79":0,"80":0,"81":0,"82":1,"83":1,"84":1,"85":1,"86":3,"88":3,"89":0,"90":0,"91":0,"93":3,"94":3,"95":3,"96":3,"97":3,"98":3,"99":3,"101":3,"102":3,"103":3,"104":1,"106":2,"107":2,"108":2,"109":2,"110":2,"111":2,"112":2,"114":2,"115":2,"116":248,"117":248,"118":248,"119":2,"120":2,"121":3,"122":3,"124":3,"126":1,"128":1},"branchMap":{"0":{"type":"branch","line":22,"loc":{"start":{"line":22,"column":0},"end":{"line":38,"column":1}},"locations":[{"start":{"line":22,"column":0},"end":{"line":38,"column":1}}]},"1":{"type":"branch","line":24,"loc":{"start":{"line":24,"column":4},"end":{"line":26,"column":5}},"locations":[{"start":{"line":24,"column":4},"end":{"line":26,"column":5}}]},"2":{"type":"branch","line":27,"loc":{"start":{"line":27,"column":4},"end":{"line":28,"column":51}},"locations":[{"start":{"line":27,"column":4},"end":{"line":28,"column":51}}]},"3":{"type":"branch","line":29,"loc":{"start":{"line":29,"column":4},"end":{"line":30,"column":49}},"locations":[{"start":{"line":29,"column":4},"end":{"line":30,"column":49}}]},"4":{"type":"branch","line":31,"loc":{"start":{"line":31,"column":4},"end":{"line":32,"column":62}},"locations":[{"start":{"line":31,"column":4},"end":{"line":32,"column":62}}]},"5":{"type":"branch","line":33,"loc":{"start":{"line":33,"column":4},"end":{"line":34,"column":71}},"locations":[{"start":{"line":33,"column":4},"end":{"line":34,"column":71}}]},"6":{"type":"branch","line":35,"loc":{"start":{"line":35,"column":4},"end":{"line":36,"column":19}},"locations":[{"start":{"line":35,"column":4},"end":{"line":36,"column":19}}]},"7":{"type":"branch","line":40,"loc":{"start":{"line":40,"column":50},"end":{"line":125,"column":2}},"locations":[{"start":{"line":40,"column":50},"end":{"line":125,"column":2}}]},"8":{"type":"branch","line":45,"loc":{"start":{"line":45,"column":38},"end":{"line":47,"column":13}},"locations":[{"start":{"line":45,"column":38},"end":{"line":47,"column":13}}]},"9":{"type":"branch","line":50,"loc":{"start":{"line":50,"column":4},"end":{"line":52,"column":5}},"locations":[{"start":{"line":50,"column":4},"end":{"line":52,"column":5}}]},"10":{"type":"branch","line":53,"loc":{"start":{"line":53,"column":2},"end":{"line":55,"column":3}},"locations":[{"start":{"line":53,"column":2},"end":{"line":55,"column":3}}]},"11":{"type":"branch","line":57,"loc":{"start":{"line":57,"column":58},"end":{"line":57,"column":83}},"locations":[{"start":{"line":57,"column":58},"end":{"line":57,"column":83}}]},"12":{"type":"branch","line":96,"loc":{"start":{"line":96,"column":13},"end":{"line":96,"column":72}},"locations":[{"start":{"line":96,"column":13},"end":{"line":96,"column":72}}]},"13":{"type":"branch","line":99,"loc":{"start":{"line":99,"column":19},"end":{"line":99,"column":47}},"locations":[{"start":{"line":99,"column":19},"end":{"line":99,"column":47}}]},"14":{"type":"branch","line":104,"loc":{"start":{"line":104,"column":13},"end":{"line":105,"column":49}},"locations":[{"start":{"line":104,"column":13},"end":{"line":105,"column":49}}]},"15":{"type":"branch","line":105,"loc":{"start":{"line":105,"column":48},"end":{"line":121,"column":17}},"locations":[{"start":{"line":105,"column":48},"end":{"line":121,"column":17}}]},"16":{"type":"branch","line":109,"loc":{"start":{"line":109,"column":23},"end":{"line":109,"column":45}},"locations":[{"start":{"line":109,"column":23},"end":{"line":109,"column":45}}]},"17":{"type":"branch","line":111,"loc":{"start":{"line":111,"column":21},"end":{"line":111,"column":50}},"locations":[{"start":{"line":111,"column":21},"end":{"line":111,"column":50}}]},"18":{"type":"branch","line":112,"loc":{"start":{"line":112,"column":35},"end":{"line":112,"column":70}},"locations":[{"start":{"line":112,"column":35},"end":{"line":112,"column":70}}]},"19":{"type":"branch","line":113,"loc":{"start":{"line":113,"column":34},"end":{"line":113,"column":60}},"locations":[{"start":{"line":113,"column":34},"end":{"line":113,"column":60}}]},"20":{"type":"branch","line":68,"loc":{"start":{"line":68,"column":12},"end":{"line":87,"column":5}},"locations":[{"start":{"line":68,"column":12},"end":{"line":87,"column":5}}]},"21":{"type":"branch","line":69,"loc":{"start":{"line":69,"column":44},"end":{"line":69,"column":85}},"locations":[{"start":{"line":69,"column":44},"end":{"line":69,"column":85}}]},"22":{"type":"branch","line":69,"loc":{"start":{"line":69,"column":85},"end":{"line":86,"column":5}},"locations":[{"start":{"line":69,"column":85},"end":{"line":86,"column":5}}]},"23":{"type":"branch","line":71,"loc":{"start":{"line":71,"column":7},"end":{"line":85,"column":9}},"locations":[{"start":{"line":71,"column":7},"end":{"line":85,"column":9}}]},"24":{"type":"branch","line":76,"loc":{"start":{"line":76,"column":8},"end":{"line":82,"column":19}},"locations":[{"start":{"line":76,"column":8},"end":{"line":82,"column":19}}]},"25":{"type":"branch","line":116,"loc":{"start":{"line":116,"column":40},"end":{"line":119,"column":21}},"locations":[{"start":{"line":116,"column":40},"end":{"line":119,"column":21}}]}},"b":{"0":[4],"1":[0],"2":[0],"3":[1],"4":[1],"5":[2],"6":[0],"7":[3],"8":[0],"9":[0],"10":[0],"11":[0],"12":[0],"13":[0],"14":[1],"15":[2],"16":[0],"17":[0],"18":[0],"19":[0],"20":[2],"21":[1],"22":[1],"23":[1],"24":[0],"25":[248]},"fnMap":{"0":{"name":"reducer","decl":{"start":{"line":22,"column":0},"end":{"line":38,"column":1}},"loc":{"start":{"line":22,"column":0},"end":{"line":38,"column":1}},"line":22},"1":{"name":"CountryDropdown","decl":{"start":{"line":40,"column":50},"end":{"line":125,"column":2}},"loc":{"start":{"line":40,"column":50},"end":{"line":125,"column":2}},"line":40},"2":{"name":"handleChange","decl":{"start":{"line":89,"column":23},"end":{"line":92,"column":4}},"loc":{"start":{"line":89,"column":23},"end":{"line":92,"column":4}},"line":89}},"f":{"0":4,"1":3,"2":0}}
,"C:\\Users\\New\\source\\repos\\react-country-state-selector\\src\\components\\StateDropdown\\index.tsx": {"path":"C:\\Users\\New\\source\\repos\\react-country-state-selector\\src\\components\\StateDropdown\\index.tsx","all":false,"statementMap":{"0":{"start":{"line":1,"column":0},"end":{"line":1,"column":73}},"1":{"start":{"line":2,"column":0},"end":{"line":2,"column":71}},"2":{"start":{"line":3,"column":0},"end":{"line":3,"column":98}},"3":{"start":{"line":4,"column":0},"end":{"line":4,"column":102}},"21":{"start":{"line":22,"column":0},"end":{"line":22,"column":94}},"22":{"start":{"line":23,"column":0},"end":{"line":23,"column":24}},"23":{"start":{"line":24,"column":0},"end":{"line":24,"column":23}},"24":{"start":{"line":25,"column":0},"end":{"line":25,"column":57}},"25":{"start":{"line":26,"column":0},"end":{"line":26,"column":5}},"26":{"start":{"line":27,"column":0},"end":{"line":27,"column":23}},"27":{"start":{"line":28,"column":0},"end":{"line":28,"column":51}},"28":{"start":{"line":29,"column":0},"end":{"line":29,"column":21}},"29":{"start":{"line":30,"column":0},"end":{"line":30,"column":49}},"30":{"start":{"line":31,"column":0},"end":{"line":31,"column":42}},"31":{"start":{"line":32,"column":0},"end":{"line":32,"column":68}},"32":{"start":{"line":33,"column":0},"end":{"line":33,"column":50}},"33":{"start":{"line":34,"column":0},"end":{"line":34,"column":77}},"34":{"start":{"line":35,"column":0},"end":{"line":35,"column":12}},"35":{"start":{"line":36,"column":0},"end":{"line":36,"column":19}},"36":{"start":{"line":37,"column":0},"end":{"line":37,"column":3}},"37":{"start":{"line":38,"column":0},"end":{"line":38,"column":1}},"39":{"start":{"line":40,"column":0},"end":{"line":40,"column":172}},"40":{"start":{"line":41,"column":0},"end":{"line":41,"column":115}},"41":{"start":{"line":42,"column":0},"end":{"line":42,"column":61}},"42":{"start":{"line":43,"column":0},"end":{"line":43,"column":39}},"43":{"start":{"line":44,"column":0},"end":{"line":44,"column":33}},"44":{"start":{"line":45,"column":0},"end":{"line":45,"column":46}},"45":{"start":{"line":46,"column":0},"end":{"line":46,"column":9}},"46":{"start":{"line":47,"column":0},"end":{"line":47,"column":52}},"47":{"start":{"line":48,"column":0},"end":{"line":48,"column":13}},"48":{"start":{"line":49,"column":0},"end":{"line":49,"column":43}},"49":{"start":{"line":50,"column":0},"end":{"line":50,"column":62}},"50":{"start":{"line":51,"column":0},"end":{"line":51,"column":8}},"51":{"start":{"line":52,"column":0},"end":{"line":52,"column":5}},"52":{"start":{"line":53,"column":0},"end":{"line":53,"column":46}},"53":{"start":{"line":54,"column":0},"end":{"line":54,"column":58}},"54":{"start":{"line":55,"column":0},"end":{"line":55,"column":3}},"56":{"start":{"line":57,"column":0},"end":{"line":57,"column":49}},"57":{"start":{"line":58,"column":0},"end":{"line":58,"column":18}},"58":{"start":{"line":59,"column":0},"end":{"line":59,"column":12}},"59":{"start":{"line":60,"column":0},"end":{"line":60,"column":36}},"60":{"start":{"line":61,"column":0},"end":{"line":61,"column":33}},"61":{"start":{"line":62,"column":0},"end":{"line":62,"column":16}},"62":{"start":{"line":63,"column":0},"end":{"line":63,"column":44}},"63":{"start":{"line":64,"column":0},"end":{"line":64,"column":5}},"65":{"start":{"line":66,"column":0},"end":{"line":66,"column":19}},"66":{"start":{"line":67,"column":0},"end":{"line":67,"column":98}},"67":{"start":{"line":68,"column":0},"end":{"line":68,"column":82}},"68":{"start":{"line":69,"column":0},"end":{"line":69,"column":20}},"69":{"start":{"line":70,"column":0},"end":{"line":70,"column":13}},"70":{"start":{"line":71,"column":0},"end":{"line":71,"column":86}},"71":{"start":{"line":72,"column":0},"end":{"line":72,"column":78}},"72":{"start":{"line":73,"column":0},"end":{"line":73,"column":57}},"73":{"start":{"line":74,"column":0},"end":{"line":74,"column":28}},"74":{"start":{"line":75,"column":0},"end":{"line":75,"column":55}},"75":{"start":{"line":76,"column":0},"end":{"line":76,"column":129}},"76":{"start":{"line":77,"column":0},"end":{"line":77,"column":18}},"77":{"start":{"line":78,"column":0},"end":{"line":78,"column":122}},"78":{"start":{"line":79,"column":0},"end":{"line":79,"column":11}},"79":{"start":{"line":80,"column":0},"end":{"line":80,"column":19}},"80":{"start":{"line":81,"column":0},"end":{"line":81,"column":87}},"81":{"start":{"line":82,"column":0},"end":{"line":82,"column":9}},"82":{"start":{"line":83,"column":0},"end":{"line":83,"column":11}},"83":{"start":{"line":84,"column":0},"end":{"line":84,"column":5}},"84":{"start":{"line":85,"column":0},"end":{"line":85,"column":74}},"86":{"start":{"line":87,"column":0},"end":{"line":87,"column":63}},"87":{"start":{"line":88,"column":0},"end":{"line":88,"column":61}},"88":{"start":{"line":89,"column":0},"end":{"line":89,"column":34}},"89":{"start":{"line":90,"column":0},"end":{"line":90,"column":4}},"91":{"start":{"line":92,"column":0},"end":{"line":92,"column":10}},"92":{"start":{"line":93,"column":0},"end":{"line":93,"column":6}},"93":{"start":{"line":94,"column":0},"end":{"line":94,"column":72}},"94":{"start":{"line":95,"column":0},"end":{"line":95,"column":12}},"95":{"start":{"line":96,"column":0},"end":{"line":96,"column":39}},"96":{"start":{"line":97,"column":0},"end":{"line":97,"column":47}},"97":{"start":{"line":98,"column":0},"end":{"line":98,"column":26}},"99":{"start":{"line":100,"column":0},"end":{"line":100,"column":15}},"100":{"start":{"line":101,"column":0},"end":{"line":101,"column":14}},"101":{"start":{"line":102,"column":0},"end":{"line":102,"column":50}},"102":{"start":{"line":103,"column":0},"end":{"line":103,"column":56}},"104":{"start":{"line":105,"column":0},"end":{"line":105,"column":15}},"105":{"start":{"line":106,"column":0},"end":{"line":106,"column":36}},"106":{"start":{"line":107,"column":0},"end":{"line":107,"column":43}},"107":{"start":{"line":108,"column":0},"end":{"line":108,"column":33}},"108":{"start":{"line":109,"column":0},"end":{"line":109,"column":50}},"109":{"start":{"line":110,"column":0},"end":{"line":110,"column":77}},"110":{"start":{"line":111,"column":0},"end":{"line":111,"column":77}},"112":{"start":{"line":113,"column":0},"end":{"line":113,"column":59}},"113":{"start":{"line":114,"column":0},"end":{"line":114,"column":81}},"114":{"start":{"line":115,"column":0},"end":{"line":115,"column":50}},"115":{"start":{"line":116,"column":0},"end":{"line":116,"column":23}},"116":{"start":{"line":117,"column":0},"end":{"line":117,"column":21}},"117":{"start":{"line":118,"column":0},"end":{"line":118,"column":13}},"118":{"start":{"line":119,"column":0},"end":{"line":119,"column":17}},"119":{"start":{"line":120,"column":0},"end":{"line":120,"column":8}},"120":{"start":{"line":121,"column":0},"end":{"line":121,"column":7}},"122":{"start":{"line":123,"column":0},"end":{"line":123,"column":2}},"124":{"start":{"line":125,"column":0},"end":{"line":125,"column":29}}},"s":{"0":1,"1":1,"2":1,"3":1,"21":4,"22":4,"23":4,"24":0,"25":0,"26":4,"27":0,"28":4,"29":1,"30":4,"31":1,"32":4,"33":2,"34":4,"35":0,"36":4,"37":4,"39":1,"40":3,"41":3,"42":3,"43":0,"44":3,"45":3,"46":3,"47":3,"48":0,"49":0,"50":0,"51":0,"52":3,"53":0,"54":0,"56":3,"57":3,"58":3,"59":3,"60":3,"61":3,"62":3,"63":3,"65":3,"66":2,"67":1,"68":1,"69":1,"70":1,"71":1,"72":1,"73":1,"74":0,"75":0,"76":0,"77":0,"78":0,"79":0,"80":1,"81":1,"82":1,"83":1,"84":3,"86":3,"87":0,"88":0,"89":0,"91":3,"92":3,"93":3,"94":3,"95":3,"96":3,"97":3,"99":3,"100":3,"101":3,"102":1,"104":2,"105":2,"106":2,"107":2,"108":2,"109":2,"110":2,"112":2,"113":2,"114":63,"115":63,"116":63,"117":2,"118":2,"119":3,"120":3,"122":3,"124":1},"branchMap":{"0":{"type":"branch","line":22,"loc":{"start":{"line":22,"column":0},"end":{"line":38,"column":1}},"locations":[{"start":{"line":22,"column":0},"end":{"line":38,"column":1}}]},"1":{"type":"branch","line":24,"loc":{"start":{"line":24,"column":4},"end":{"line":26,"column":5}},"locations":[{"start":{"line":24,"column":4},"end":{"line":26,"column":5}}]},"2":{"type":"branch","line":27,"loc":{"start":{"line":27,"column":4},"end":{"line":28,"column":51}},"locations":[{"start":{"line":27,"column":4},"end":{"line":28,"column":51}}]},"3":{"type":"branch","line":29,"loc":{"start":{"line":29,"column":4},"end":{"line":30,"column":49}},"locations":[{"start":{"line":29,"column":4},"end":{"line":30,"column":49}}]},"4":{"type":"branch","line":31,"loc":{"start":{"line":31,"column":4},"end":{"line":32,"column":68}},"locations":[{"start":{"line":31,"column":4},"end":{"line":32,"column":68}}]},"5":{"type":"branch","line":33,"loc":{"start":{"line":33,"column":4},"end":{"line":34,"column":77}},"locations":[{"start":{"line":33,"column":4},"end":{"line":34,"column":77}}]},"6":{"type":"branch","line":35,"loc":{"start":{"line":35,"column":4},"end":{"line":36,"column":19}},"locations":[{"start":{"line":35,"column":4},"end":{"line":36,"column":19}}]},"7":{"type":"branch","line":40,"loc":{"start":{"line":40,"column":46},"end":{"line":123,"column":2}},"locations":[{"start":{"line":40,"column":46},"end":{"line":123,"column":2}}]},"8":{"type":"branch","line":43,"loc":{"start":{"line":43,"column":38},"end":{"line":45,"column":13}},"locations":[{"start":{"line":43,"column":38},"end":{"line":45,"column":13}}]},"9":{"type":"branch","line":48,"loc":{"start":{"line":48,"column":4},"end":{"line":52,"column":5}},"locations":[{"start":{"line":48,"column":4},"end":{"line":52,"column":5}}]},"10":{"type":"branch","line":53,"loc":{"start":{"line":53,"column":2},"end":{"line":55,"column":3}},"locations":[{"start":{"line":53,"column":2},"end":{"line":55,"column":3}}]},"11":{"type":"branch","line":94,"loc":{"start":{"line":94,"column":13},"end":{"line":94,"column":72}},"locations":[{"start":{"line":94,"column":13},"end":{"line":94,"column":72}}]},"12":{"type":"branch","line":97,"loc":{"start":{"line":97,"column":19},"end":{"line":97,"column":47}},"locations":[{"start":{"line":97,"column":19},"end":{"line":97,"column":47}}]},"13":{"type":"branch","line":102,"loc":{"start":{"line":102,"column":13},"end":{"line":103,"column":56}},"locations":[{"start":{"line":102,"column":13},"end":{"line":103,"column":56}}]},"14":{"type":"branch","line":103,"loc":{"start":{"line":103,"column":55},"end":{"line":119,"column":17}},"locations":[{"start":{"line":103,"column":55},"end":{"line":119,"column":17}}]},"15":{"type":"branch","line":107,"loc":{"start":{"line":107,"column":23},"end":{"line":107,"column":43}},"locations":[{"start":{"line":107,"column":23},"end":{"line":107,"column":43}}]},"16":{"type":"branch","line":109,"loc":{"start":{"line":109,"column":21},"end":{"line":109,"column":50}},"locations":[{"start":{"line":109,"column":21},"end":{"line":109,"column":50}}]},"17":{"type":"branch","line":110,"loc":{"start":{"line":110,"column":35},"end":{"line":110,"column":77}},"locations":[{"start":{"line":110,"column":35},"end":{"line":110,"column":77}}]},"18":{"type":"branch","line":111,"loc":{"start":{"line":111,"column":34},"end":{"line":111,"column":67}},"locations":[{"start":{"line":111,"column":34},"end":{"line":111,"column":67}}]},"19":{"type":"branch","line":66,"loc":{"start":{"line":66,"column":12},"end":{"line":85,"column":5}},"locations":[{"start":{"line":66,"column":12},"end":{"line":85,"column":5}}]},"20":{"type":"branch","line":67,"loc":{"start":{"line":67,"column":50},"end":{"line":67,"column":97}},"locations":[{"start":{"line":67,"column":50},"end":{"line":67,"column":97}}]},"21":{"type":"branch","line":67,"loc":{"start":{"line":67,"column":97},"end":{"line":84,"column":5}},"locations":[{"start":{"line":67,"column":97},"end":{"line":84,"column":5}}]},"22":{"type":"branch","line":69,"loc":{"start":{"line":69,"column":7},"end":{"line":83,"column":9}},"locations":[{"start":{"line":69,"column":7},"end":{"line":83,"column":9}}]},"23":{"type":"branch","line":74,"loc":{"start":{"line":74,"column":8},"end":{"line":80,"column":19}},"locations":[{"start":{"line":74,"column":8},"end":{"line":80,"column":19}}]},"24":{"type":"branch","line":114,"loc":{"start":{"line":114,"column":46},"end":{"line":117,"column":21}},"locations":[{"start":{"line":114,"column":46},"end":{"line":117,"column":21}}]}},"b":{"0":[4],"1":[0],"2":[0],"3":[1],"4":[1],"5":[2],"6":[0],"7":[3],"8":[0],"9":[0],"10":[0],"11":[0],"12":[0],"13":[1],"14":[2],"15":[0],"16":[0],"17":[0],"18":[0],"19":[2],"20":[1],"21":[1],"22":[1],"23":[0],"24":[63]},"fnMap":{"0":{"name":"reducer","decl":{"start":{"line":22,"column":0},"end":{"line":38,"column":1}},"loc":{"start":{"line":22,"column":0},"end":{"line":38,"column":1}},"line":22},"1":{"name":"StateDropdown","decl":{"start":{"line":40,"column":46},"end":{"line":123,"column":2}},"loc":{"start":{"line":40,"column":46},"end":{"line":123,"column":2}},"line":40},"2":{"name":"handleChange","decl":{"start":{"line":87,"column":23},"end":{"line":90,"column":4}},"loc":{"start":{"line":87,"column":23},"end":{"line":90,"column":4}},"line":87}},"f":{"0":4,"1":3,"2":0}}
,"C:\\Users\\New\\source\\repos\\react-country-state-selector\\src\\services\\cultureFromBrowser.ts": {"path":"C:\\Users\\New\\source\\repos\\react-country-state-selector\\src\\services\\cultureFromBrowser.ts","all":false,"statementMap":{"0":{"start":{"line":1,"column":0},"end":{"line":1,"column":48}},"5":{"start":{"line":6,"column":0},"end":{"line":6,"column":51}},"7":{"start":{"line":8,"column":0},"end":{"line":8,"column":55}},"8":{"start":{"line":9,"column":0},"end":{"line":9,"column":41}},"9":{"start":{"line":10,"column":0},"end":{"line":10,"column":1}}},"s":{"0":1,"5":1,"7":3,"8":3,"9":3},"branchMap":{"0":{"type":"branch","line":6,"loc":{"start":{"line":6,"column":7},"end":{"line":10,"column":1}},"locations":[{"start":{"line":6,"column":7},"end":{"line":10,"column":1}}]}},"b":{"0":[3]},"fnMap":{"0":{"name":"cultureFromBrowser","decl":{"start":{"line":6,"column":7},"end":{"line":10,"column":1}},"loc":{"start":{"line":6,"column":7},"end":{"line":10,"column":1}},"line":6}},"f":{"0":3}}
,"C:\\Users\\New\\source\\repos\\react-country-state-selector\\src\\services\\getCountryInformation.ts": {"path":"C:\\Users\\New\\source\\repos\\react-country-state-selector\\src\\services\\getCountryInformation.ts","all":false,"statementMap":{"2":{"start":{"line":3,"column":0},"end":{"line":3,"column":111}},"3":{"start":{"line":4,"column":0},"end":{"line":4,"column":36}},"4":{"start":{"line":5,"column":0},"end":{"line":5,"column":23}},"5":{"start":{"line":6,"column":0},"end":{"line":6,"column":17}},"6":{"start":{"line":7,"column":0},"end":{"line":7,"column":14}},"7":{"start":{"line":8,"column":0},"end":{"line":8,"column":35}},"8":{"start":{"line":9,"column":0},"end":{"line":9,"column":12}},"9":{"start":{"line":10,"column":0},"end":{"line":10,"column":14}},"10":{"start":{"line":11,"column":0},"end":{"line":11,"column":35}},"11":{"start":{"line":12,"column":0},"end":{"line":12,"column":12}},"12":{"start":{"line":13,"column":0},"end":{"line":13,"column":12}},"13":{"start":{"line":14,"column":0},"end":{"line":14,"column":80}},"14":{"start":{"line":15,"column":0},"end":{"line":15,"column":3}},"16":{"start":{"line":17,"column":0},"end":{"line":17,"column":78}},"17":{"start":{"line":18,"column":0},"end":{"line":18,"column":30}},"18":{"start":{"line":19,"column":0},"end":{"line":19,"column":1}}},"s":{"2":1,"3":1,"4":1,"5":1,"6":1,"7":0,"8":0,"9":1,"10":1,"11":1,"12":1,"13":0,"14":1,"16":1,"17":1,"18":1},"branchMap":{"0":{"type":"branch","line":3,"loc":{"start":{"line":3,"column":110},"end":{"line":19,"column":1}},"locations":[{"start":{"line":3,"column":110},"end":{"line":19,"column":1}}]},"1":{"type":"branch","line":7,"loc":{"start":{"line":7,"column":4},"end":{"line":9,"column":12}},"locations":[{"start":{"line":7,"column":4},"end":{"line":9,"column":12}}]},"2":{"type":"branch","line":13,"loc":{"start":{"line":13,"column":4},"end":{"line":14,"column":80}},"locations":[{"start":{"line":13,"column":4},"end":{"line":14,"column":80}}]},"3":{"type":"branch","line":18,"loc":{"start":{"line":18,"column":14},"end":{"line":18,"column":30}},"locations":[{"start":{"line":18,"column":14},"end":{"line":18,"column":30}}]},"4":{"type":"branch","line":17,"loc":{"start":{"line":17,"column":69},"end":{"line":17,"column":78}},"locations":[{"start":{"line":17,"column":69},"end":{"line":17,"column":78}}]},"5":{"type":"branch","line":17,"loc":{"start":{"line":17,"column":69},"end":{"line":17,"column":78}},"locations":[{"start":{"line":17,"column":69},"end":{"line":17,"column":78}}]}},"b":{"0":[1],"1":[0],"2":[0],"3":[0],"4":[1],"5":[1]},"fnMap":{"0":{"name":"getCountryInformationByCulture","decl":{"start":{"line":3,"column":110},"end":{"line":19,"column":1}},"loc":{"start":{"line":3,"column":110},"end":{"line":19,"column":1}},"line":3},"1":{"name":"../components/CountryDropdown/countries.en-us.json","decl":{"start":{"line":17,"column":69},"end":{"line":17,"column":78}},"loc":{"start":{"line":17,"column":69},"end":{"line":17,"column":78}},"line":17},"2":{"name":"../components/CountryDropdown/countries.es-mx.json","decl":{"start":{"line":17,"column":69},"end":{"line":17,"column":78}},"loc":{"start":{"line":17,"column":69},"end":{"line":17,"column":78}},"line":17}},"f":{"0":1,"1":1,"2":0}}
,"C:\\Users\\New\\source\\repos\\react-country-state-selector\\src\\services\\getStateProvinceInformation.ts": {"path":"C:\\Users\\New\\source\\repos\\react-country-state-selector\\src\\services\\getStateProvinceInformation.ts","all":false,"statementMap":{"2":{"start":{"line":3,"column":0},"end":{"line":3,"column":155}},"3":{"start":{"line":4,"column":0},"end":{"line":4,"column":38}},"4":{"start":{"line":5,"column":0},"end":{"line":5,"column":36}},"5":{"start":{"line":6,"column":0},"end":{"line":6,"column":35}},"7":{"start":{"line":8,"column":0},"end":{"line":8,"column":42}},"8":{"start":{"line":9,"column":0},"end":{"line":9,"column":39}},"9":{"start":{"line":10,"column":0},"end":{"line":10,"column":49}},"10":{"start":{"line":11,"column":0},"end":{"line":11,"column":39}},"11":{"start":{"line":12,"column":0},"end":{"line":12,"column":49}},"12":{"start":{"line":13,"column":0},"end":{"line":13,"column":39}},"13":{"start":{"line":14,"column":0},"end":{"line":14,"column":49}},"14":{"start":{"line":15,"column":0},"end":{"line":15,"column":39}},"15":{"start":{"line":16,"column":0},"end":{"line":16,"column":3}},"17":{"start":{"line":18,"column":0},"end":{"line":18,"column":18}},"18":{"start":{"line":19,"column":0},"end":{"line":19,"column":109}},"19":{"start":{"line":20,"column":0},"end":{"line":20,"column":3}},"21":{"start":{"line":22,"column":0},"end":{"line":22,"column":76}},"22":{"start":{"line":23,"column":0},"end":{"line":23,"column":30}},"23":{"start":{"line":24,"column":0},"end":{"line":24,"column":2}}},"s":{"2":1,"3":1,"4":1,"5":1,"7":1,"8":1,"9":1,"10":0,"11":0,"12":0,"13":0,"14":0,"15":0,"17":1,"18":0,"19":0,"21":1,"22":1,"23":1},"branchMap":{"0":{"type":"branch","line":3,"loc":{"start":{"line":3,"column":154},"end":{"line":24,"column":2}},"locations":[{"start":{"line":3,"column":154},"end":{"line":24,"column":2}}]},"1":{"type":"branch","line":10,"loc":{"start":{"line":10,"column":2},"end":{"line":16,"column":3}},"locations":[{"start":{"line":10,"column":2},"end":{"line":16,"column":3}}]},"2":{"type":"branch","line":18,"loc":{"start":{"line":18,"column":17},"end":{"line":20,"column":3}},"locations":[{"start":{"line":18,"column":17},"end":{"line":20,"column":3}}]},"3":{"type":"branch","line":23,"loc":{"start":{"line":23,"column":14},"end":{"line":23,"column":30}},"locations":[{"start":{"line":23,"column":14},"end":{"line":23,"column":30}}]},"4":{"type":"branch","line":22,"loc":{"start":{"line":22,"column":67},"end":{"line":22,"column":76}},"locations":[{"start":{"line":22,"column":67},"end":{"line":22,"column":76}}]},"5":{"type":"branch","line":22,"loc":{"start":{"line":22,"column":67},"end":{"line":22,"column":76}},"locations":[{"start":{"line":22,"column":67},"end":{"line":22,"column":76}}]}},"b":{"0":[1],"1":[0],"2":[0],"3":[0],"4":[1],"5":[1]},"fnMap":{"0":{"name":"getStateProvinceInformationByCulture","decl":{"start":{"line":3,"column":154},"end":{"line":24,"column":2}},"loc":{"start":{"line":3,"column":154},"end":{"line":24,"column":2}},"line":3},"1":{"name":"../components/StateDropdown/StatesProvinces.en-ca.json","decl":{"start":{"line":22,"column":67},"end":{"line":22,"column":76}},"loc":{"start":{"line":22,"column":67},"end":{"line":22,"column":76}},"line":22},"2":{"name":"../components/StateDropdown/StatesProvinces.en-us.json","decl":{"start":{"line":22,"column":67},"end":{"line":22,"column":76}},"loc":{"start":{"line":22,"column":67},"end":{"line":22,"column":76}},"line":22},"3":{"name":"../components/StateDropdown/StatesProvinces.es-mx.json","decl":{"start":{"line":22,"column":67},"end":{"line":22,"column":76}},"loc":{"start":{"line":22,"column":67},"end":{"line":22,"column":76}},"line":22},"4":{"name":"../components/StateDropdown/StatesProvinces.fr-ca.json","decl":{"start":{"line":22,"column":67},"end":{"line":22,"column":76}},"loc":{"start":{"line":22,"column":67},"end":{"line":22,"column":76}},"line":22}},"f":{"0":1,"1":0,"2":1,"3":0,"4":0}}
,"C:\\Users\\New\\source\\repos\\react-country-state-selector\\src\\types\\index.ts": {"path":"C:\\Users\\New\\source\\repos\\react-country-state-selector\\src\\types\\index.ts","all":false,"statementMap":{"49":{"start":{"line":50,"column":0},"end":{"line":50,"column":25}},"53":{"start":{"line":54,"column":0},"end":{"line":54,"column":67}},"54":{"start":{"line":55,"column":0},"end":{"line":55,"column":39}},"55":{"start":{"line":56,"column":0},"end":{"line":56,"column":45}},"56":{"start":{"line":57,"column":0},"end":{"line":57,"column":38}},"58":{"start":{"line":59,"column":0},"end":{"line":59,"column":25}},"59":{"start":{"line":60,"column":0},"end":{"line":60,"column":95}},"60":{"start":{"line":61,"column":0},"end":{"line":61,"column":95}},"61":{"start":{"line":62,"column":0},"end":{"line":62,"column":95}},"62":{"start":{"line":63,"column":0},"end":{"line":63,"column":95}},"63":{"start":{"line":64,"column":0},"end":{"line":64,"column":95}},"64":{"start":{"line":65,"column":0},"end":{"line":65,"column":95}},"65":{"start":{"line":66,"column":0},"end":{"line":66,"column":95}},"66":{"start":{"line":67,"column":0},"end":{"line":67,"column":95}},"67":{"start":{"line":68,"column":0},"end":{"line":68,"column":95}},"68":{"start":{"line":69,"column":0},"end":{"line":69,"column":95}},"69":{"start":{"line":70,"column":0},"end":{"line":70,"column":95}},"70":{"start":{"line":71,"column":0},"end":{"line":71,"column":95}},"71":{"start":{"line":72,"column":0},"end":{"line":72,"column":100}},"72":{"start":{"line":73,"column":0},"end":{"line":73,"column":10}},"73":{"start":{"line":74,"column":0},"end":{"line":74,"column":28}},"74":{"start":{"line":75,"column":0},"end":{"line":75,"column":107}},"75":{"start":{"line":76,"column":0},"end":{"line":76,"column":107}},"76":{"start":{"line":77,"column":0},"end":{"line":77,"column":107}},"77":{"start":{"line":78,"column":0},"end":{"line":78,"column":107}},"78":{"start":{"line":79,"column":0},"end":{"line":79,"column":107}},"79":{"start":{"line":80,"column":0},"end":{"line":80,"column":107}},"80":{"start":{"line":81,"column":0},"end":{"line":81,"column":107}},"81":{"start":{"line":82,"column":0},"end":{"line":82,"column":107}},"82":{"start":{"line":83,"column":0},"end":{"line":83,"column":107}},"83":{"start":{"line":84,"column":0},"end":{"line":84,"column":107}},"84":{"start":{"line":85,"column":0},"end":{"line":85,"column":107}},"85":{"start":{"line":86,"column":0},"end":{"line":86,"column":107}},"86":{"start":{"line":87,"column":0},"end":{"line":87,"column":107}},"87":{"start":{"line":88,"column":0},"end":{"line":88,"column":107}},"88":{"start":{"line":89,"column":0},"end":{"line":89,"column":107}},"89":{"start":{"line":90,"column":0},"end":{"line":90,"column":58}},"90":{"start":{"line":91,"column":0},"end":{"line":91,"column":10}},"91":{"start":{"line":92,"column":0},"end":{"line":92,"column":78}},"92":{"start":{"line":93,"column":0},"end":{"line":93,"column":87}},"93":{"start":{"line":94,"column":0},"end":{"line":94,"column":41}},"94":{"start":{"line":95,"column":0},"end":{"line":95,"column":5}},"95":{"start":{"line":96,"column":0},"end":{"line":96,"column":61}},"96":{"start":{"line":97,"column":0},"end":{"line":97,"column":62}},"97":{"start":{"line":98,"column":0},"end":{"line":98,"column":42}},"98":{"start":{"line":99,"column":0},"end":{"line":99,"column":62}},"99":{"start":{"line":100,"column":0},"end":{"line":100,"column":61}},"100":{"start":{"line":101,"column":0},"end":{"line":101,"column":57}},"101":{"start":{"line":102,"column":0},"end":{"line":102,"column":70}},"102":{"start":{"line":103,"column":0},"end":{"line":103,"column":9}},"103":{"start":{"line":104,"column":0},"end":{"line":104,"column":5}},"104":{"start":{"line":105,"column":0},"end":{"line":105,"column":30}},"105":{"start":{"line":106,"column":0},"end":{"line":106,"column":32}},"106":{"start":{"line":107,"column":0},"end":{"line":107,"column":30}},"108":{"start":{"line":109,"column":0},"end":{"line":109,"column":35}},"109":{"start":{"line":110,"column":0},"end":{"line":110,"column":29}},"110":{"start":{"line":111,"column":0},"end":{"line":111,"column":5}},"111":{"start":{"line":112,"column":0},"end":{"line":112,"column":37}},"112":{"start":{"line":113,"column":0},"end":{"line":113,"column":30}},"113":{"start":{"line":114,"column":0},"end":{"line":114,"column":5}},"114":{"start":{"line":115,"column":0},"end":{"line":115,"column":35}},"115":{"start":{"line":116,"column":0},"end":{"line":116,"column":29}},"116":{"start":{"line":117,"column":0},"end":{"line":117,"column":5}},"117":{"start":{"line":118,"column":0},"end":{"line":118,"column":1}}},"s":{"49":1,"53":1,"54":1,"55":1,"56":1,"58":1,"59":1,"60":1,"61":1,"62":1,"63":1,"64":1,"65":1,"66":1,"67":1,"68":1,"69":1,"70":1,"71":1,"72":1,"73":1,"74":1,"75":1,"76":1,"77":1,"78":1,"79":1,"80":1,"81":1,"82":1,"83":1,"84":1,"85":1,"86":1,"87":1,"88":1,"89":1,"90":1,"91":1,"92":1,"93":1,"94":1,"95":1,"96":9,"97":9,"98":9,"99":9,"100":9,"101":0,"102":0,"103":9,"104":1,"105":9,"106":9,"108":1,"109":0,"110":0,"111":1,"112":2,"113":2,"114":1,"115":1,"116":1,"117":1},"branchMap":{"0":{"type":"branch","line":96,"loc":{"start":{"line":96,"column":4},"end":{"line":104,"column":5}},"locations":[{"start":{"line":96,"column":4},"end":{"line":104,"column":5}}]},"1":{"type":"branch","line":99,"loc":{"start":{"line":99,"column":35},"end":{"line":99,"column":62}},"locations":[{"start":{"line":99,"column":35},"end":{"line":99,"column":62}}]},"2":{"type":"branch","line":101,"loc":{"start":{"line":101,"column":56},"end":{"line":103,"column":9}},"locations":[{"start":{"line":101,"column":56},"end":{"line":103,"column":9}}]},"3":{"type":"branch","line":56,"loc":{"start":{"line":56,"column":32},"end":{"line":56,"column":45}},"locations":[{"start":{"line":56,"column":32},"end":{"line":56,"column":45}}]},"4":{"type":"branch","line":105,"loc":{"start":{"line":105,"column":12},"end":{"line":107,"column":30}},"locations":[{"start":{"line":105,"column":12},"end":{"line":107,"column":30}}]},"5":{"type":"branch","line":112,"loc":{"start":{"line":112,"column":4},"end":{"line":114,"column":5}},"locations":[{"start":{"line":112,"column":4},"end":{"line":114,"column":5}}]},"6":{"type":"branch","line":115,"loc":{"start":{"line":115,"column":4},"end":{"line":117,"column":5}},"locations":[{"start":{"line":115,"column":4},"end":{"line":117,"column":5}}]}},"b":{"0":[9],"1":[0],"2":[0],"3":[0],"4":[9],"5":[2],"6":[1]},"fnMap":{"0":{"name":"CultureInfo","decl":{"start":{"line":96,"column":4},"end":{"line":104,"column":5}},"loc":{"start":{"line":96,"column":4},"end":{"line":104,"column":5}},"line":96},"1":{"name":"<instance_members_initializer>","decl":{"start":{"line":105,"column":12},"end":{"line":107,"column":30}},"loc":{"start":{"line":105,"column":12},"end":{"line":107,"column":30}},"line":105},"2":{"name":"get Culture","decl":{"start":{"line":109,"column":4},"end":{"line":111,"column":5}},"loc":{"start":{"line":109,"column":4},"end":{"line":111,"column":5}},"line":109},"3":{"name":"get Language","decl":{"start":{"line":112,"column":4},"end":{"line":114,"column":5}},"loc":{"start":{"line":112,"column":4},"end":{"line":114,"column":5}},"line":112},"4":{"name":"get Country","decl":{"start":{"line":115,"column":4},"end":{"line":117,"column":5}},"loc":{"start":{"line":115,"column":4},"end":{"line":117,"column":5}},"line":115}},"f":{"0":9,"1":9,"2":0,"3":2,"4":1}}
}
